This is pdfTeX, Version 3.141592653-2.6-1.40.22 (MiKTeX 21.2) (preloaded format=pdflatex 2021.3.17)  13 JUN 2021 17:56
entering extended mode
**"c:/Users/Diego/Desktop/uni/3° ANNO_secondo semestre/LAB DI INTERNET/Materiale lab/Lab5/ULTIMO LAB/lab2.tex"
(c:/Users/Diego/Desktop/uni/3° ANNO_secondo semestre/LAB DI INTERNET/Materiale lab/Lab5/ULTIMO LAB/lab2.tex
LaTeX2e <2020-10-01> patch level 4
L3 programming layer <2021-02-18> xparse <2020-03-03> (C:\Users\Diego\AppData\Local\Programs\MiKTeX\tex/latex/base\article.cls
Document Class: article 2020/04/10 v1.4m Standard LaTeX document class
(C:\Users\Diego\AppData\Local\Programs\MiKTeX\tex/latex/base\size10.clo
File: size10.clo 2020/04/10 v1.4m Standard LaTeX file (size option)
)
\c@part=\count179
\c@section=\count180
\c@subsection=\count181
\c@subsubsection=\count182
\c@paragraph=\count183
\c@subparagraph=\count184
\c@figure=\count185
\c@table=\count186
\abovecaptionskip=\skip47
\belowcaptionskip=\skip48
\bibindent=\dimen138
) (C:\Users\Diego\AppData\Local\Programs\MiKTeX\tex/latex/listings\listings.sty (C:\Users\Diego\AppData\Local\Programs\MiKTeX\tex/latex/graphics\keyval.sty
Package: keyval 2014/10/28 v1.15 key=value parser (DPC)
\KV@toks@=\toks15
)
\lst@mode=\count187
\lst@gtempboxa=\box47
\lst@token=\toks16
\lst@length=\count188
\lst@currlwidth=\dimen139
\lst@column=\count189
\lst@pos=\count190
\lst@lostspace=\dimen140
\lst@width=\dimen141
\lst@newlines=\count191
\lst@lineno=\count192
\lst@maxwidth=\dimen142
 (C:\Users\Diego\AppData\Local\Programs\MiKTeX\tex/latex/listings\lstmisc.sty
File: lstmisc.sty 2020/03/24 1.8d (Carsten Heinz)
\c@lstnumber=\count193
\lst@skipnumbers=\count194
\lst@framebox=\box48
) (C:\Users\Diego\AppData\Local\Programs\MiKTeX\tex/latex/listings\listings.cfg
File: listings.cfg 2020/03/24 1.8d listings configuration
))
Package: listings 2020/03/24 1.8d (Carsten Heinz)
 (C:\Users\Diego\AppData\Local\Programs\MiKTeX\tex/latex/base\inputenc.sty
Package: inputenc 2020/08/01 v1.3d Input encoding file
\inpenc@prehook=\toks17
\inpenc@posthook=\toks18
) (C:\Users\Diego\AppData\Local\Programs\MiKTeX\tex/latex/graphics\graphicx.sty
Package: graphicx 2020/09/09 v1.2b Enhanced LaTeX Graphics (DPC,SPQR)
 (C:\Users\Diego\AppData\Local\Programs\MiKTeX\tex/latex/graphics\graphics.sty
Package: graphics 2020/08/30 v1.4c Standard LaTeX Graphics (DPC,SPQR)
 (C:\Users\Diego\AppData\Local\Programs\MiKTeX\tex/latex/graphics\trig.sty
Package: trig 2016/01/03 v1.10 sin cos tan (DPC)
) (C:\Users\Diego\AppData\Local\Programs\MiKTeX\tex/latex/graphics-cfg\graphics.cfg
File: graphics.cfg 2016/06/04 v1.11 sample graphics configuration
)
Package graphics Info: Driver file: pdftex.def on input line 105.
 (C:\Users\Diego\AppData\Local\Programs\MiKTeX\tex/latex/graphics-def\pdftex.def
File: pdftex.def 2020/10/05 v1.2a Graphics/color driver for pdftex
))
\Gin@req@height=\dimen143
\Gin@req@width=\dimen144
) (C:\Users\Diego\AppData\Local\Programs\MiKTeX\tex/latex/subfiles\subfiles.sty
Package: subfiles 2020/11/14 v2.2 Multi-file projects (package)
 (C:\Users\Diego\AppData\Local\Programs\MiKTeX\tex/latex/import\import.sty
Package: import 2020/04/01  v 6.2
)) (C:\Users\Diego\AppData\Local\Programs\MiKTeX\tex/latex/wrapfig\wrapfig.sty
\wrapoverhang=\dimen145
\WF@size=\dimen146
\c@WF@wrappedlines=\count195
\WF@box=\box49
\WF@everypar=\toks19
Package: wrapfig 2003/01/31  v 3.6
) (C:\Users\Diego\AppData\Local\Programs\MiKTeX\tex/latex/geometry\geometry.sty
Package: geometry 2020/01/02 v5.9 Page Geometry
 (C:\Users\Diego\AppData\Local\Programs\MiKTeX\tex/generic/iftex\ifvtex.sty
Package: ifvtex 2019/10/25 v1.7 ifvtex legacy package. Use iftex instead.
 (C:\Users\Diego\AppData\Local\Programs\MiKTeX\tex/generic/iftex\iftex.sty
Package: iftex 2020/03/06 v1.0d TeX engine tests
))
\Gm@cnth=\count196
\Gm@cntv=\count197
\c@Gm@tempcnt=\count198
\Gm@bindingoffset=\dimen147
\Gm@wd@mp=\dimen148
\Gm@odd@mp=\dimen149
\Gm@even@mp=\dimen150
\Gm@layoutwidth=\dimen151
\Gm@layoutheight=\dimen152
\Gm@layouthoffset=\dimen153
\Gm@layoutvoffset=\dimen154
\Gm@dimlist=\toks20
 (C:\Users\Diego\AppData\Local\Programs\MiKTeX\tex/latex/geometry\geometry.cfg)) (C:\Users\Diego\AppData\Local\Programs\MiKTeX\tex/generic/babel\babel.sty
Package: babel 2021/01/26 3.53 The Babel package
 (C:\Users\Diego\AppData\Local\Programs\MiKTeX\tex/generic/babel\babel.def
File: babel.def 2021/01/26 3.53 Babel common definitions
\babel@savecnt=\count199
\U@D=\dimen155
\l@babelnohyphens=\language79
 (C:\Users\Diego\AppData\Local\Programs\MiKTeX\tex/generic/babel\txtbabel.def)
\bbl@readstream=\read2
)
\bbl@dirlevel=\count266

*************************************
* Local config file bblopts.cfg used
*
(C:\Users\Diego\AppData\Local\Programs\MiKTeX\tex/latex/arabi\bblopts.cfg
File: bblopts.cfg 2005/09/08 v0.1 add Arabic and Farsi to "declared" options of babel
) (C:\Users\Diego\AppData\Local\Programs\MiKTeX\tex/latex/babel-italian\italian.ldf
Language: italian 2020/05/21 v.1.4.04 Italian support for the babel system
\it@lettering=\count267
\it@doublequoteactive=\count268
\it@ISOcompliance=\count269
)) (C:\Users\Diego\AppData\Local\Programs\MiKTeX\tex/latex/etoolbox\etoolbox.sty
Package: etoolbox 2020/10/05 v2.5k e-TeX tools for LaTeX (JAW)
\etb@tempcnta=\count270
) (C:\Users\Diego\AppData\Local\Programs\MiKTeX\tex/latex/adjustbox\adjustbox.sty
Package: adjustbox 2020/08/19 v1.3 Adjusting TeX boxes (trim, clip, ...)
 (C:\Users\Diego\AppData\Local\Programs\MiKTeX\tex/latex/xkeyval\xkeyval.sty
Package: xkeyval 2020/11/20 v2.8 package option processing (HA)
 (C:\Users\Diego\AppData\Local\Programs\MiKTeX\tex/generic/xkeyval\xkeyval.tex (C:\Users\Diego\AppData\Local\Programs\MiKTeX\tex/generic/xkeyval\xkvutils.tex
\XKV@toks=\toks21
\XKV@tempa@toks=\toks22
)
\XKV@depth=\count271
File: xkeyval.tex 2014/12/03 v2.7a key=value parser (HA)
)) (C:\Users\Diego\AppData\Local\Programs\MiKTeX\tex/latex/adjustbox\adjcalc.sty
Package: adjcalc 2012/05/16 v1.1 Provides advanced setlength with multiple back-ends (calc, etex, pgfmath)
) (C:\Users\Diego\AppData\Local\Programs\MiKTeX\tex/latex/adjustbox\trimclip.sty
Package: trimclip 2020/08/19 v1.2 Trim and clip general TeX material
 (C:\Users\Diego\AppData\Local\Programs\MiKTeX\tex/latex/collectbox\collectbox.sty
Package: collectbox 2012/05/17 v0.4b Collect macro arguments as boxes
\collectedbox=\box50
)
\tc@llx=\dimen156
\tc@lly=\dimen157
\tc@urx=\dimen158
\tc@ury=\dimen159
Package trimclip Info: Using driver 'tc-pdftex.def'.
 (C:\Users\Diego\AppData\Local\Programs\MiKTeX\tex/latex/adjustbox\tc-pdftex.def
File: tc-pdftex.def 2019/01/04 v2.2 Clipping driver for pdftex
))
\adjbox@Width=\dimen160
\adjbox@Height=\dimen161
\adjbox@Depth=\dimen162
\adjbox@Totalheight=\dimen163
\adjbox@pwidth=\dimen164
\adjbox@pheight=\dimen165
\adjbox@pdepth=\dimen166
\adjbox@ptotalheight=\dimen167
 (C:\Users\Diego\AppData\Local\Programs\MiKTeX\tex/latex/ifoddpage\ifoddpage.sty
Package: ifoddpage 2016/04/23 v1.1 Conditionals for odd/even page detection
\c@checkoddpage=\count272
) (C:\Users\Diego\AppData\Local\Programs\MiKTeX\tex/latex/varwidth\varwidth.sty
Package: varwidth 2009/03/30 ver 0.92;  Variable-width minipages
\@vwid@box=\box51
\sift@deathcycles=\count273
\@vwid@loff=\dimen168
\@vwid@roff=\dimen169
)) (C:\Users\Diego\AppData\Local\Programs\MiKTeX\tex/latex/caption\caption.sty
Package: caption 2020/10/26 v3.5g Customizing captions (AR)
 (C:\Users\Diego\AppData\Local\Programs\MiKTeX\tex/latex/caption\caption3.sty
Package: caption3 2020/10/21 v2.2e caption3 kernel (AR)
\captionmargin=\dimen170
\captionmargin@=\dimen171
\captionwidth=\dimen172
\caption@tempdima=\dimen173
\caption@indent=\dimen174
\caption@parindent=\dimen175
\caption@hangindent=\dimen176
Package caption Info: Standard document class detected.
)
\c@caption@flags=\count274
\c@continuedfloat=\count275
Package caption Info: listings package is loaded.
Package caption Info: wrapfig package is loaded.
) (C:\Users\Diego\AppData\Local\Programs\MiKTeX\tex/latex/titlesec\titlesec.sty
Package: titlesec 2019/10/16 v2.13 Sectioning titles
\ttl@box=\box52
\beforetitleunit=\skip49
\aftertitleunit=\skip50
\ttl@plus=\dimen177
\ttl@minus=\dimen178
\ttl@toksa=\toks23
\titlewidth=\dimen179
\titlewidthlast=\dimen180
\titlewidthfirst=\dimen181
) (C:\Users\Diego\AppData\Local\Programs\MiKTeX\tex/latex/amsmath\amsmath.sty
Package: amsmath 2020/09/23 v2.17i AMS math features
\@mathmargin=\skip51

For additional information on amsmath, use the `?' option.
(C:\Users\Diego\AppData\Local\Programs\MiKTeX\tex/latex/amsmath\amstext.sty
Package: amstext 2000/06/29 v2.01 AMS text
 (C:\Users\Diego\AppData\Local\Programs\MiKTeX\tex/latex/amsmath\amsgen.sty
File: amsgen.sty 1999/11/30 v2.0 generic functions
\@emptytoks=\toks24
\ex@=\dimen182
)) (C:\Users\Diego\AppData\Local\Programs\MiKTeX\tex/latex/amsmath\amsbsy.sty
Package: amsbsy 1999/11/29 v1.2d Bold Symbols
\pmbraise@=\dimen183
) (C:\Users\Diego\AppData\Local\Programs\MiKTeX\tex/latex/amsmath\amsopn.sty
Package: amsopn 2016/03/08 v2.02 operator names
)
\inf@bad=\count276
LaTeX Info: Redefining \frac on input line 234.
\uproot@=\count277
\leftroot@=\count278
LaTeX Info: Redefining \overline on input line 399.
\classnum@=\count279
\DOTSCASE@=\count280
LaTeX Info: Redefining \ldots on input line 496.
LaTeX Info: Redefining \dots on input line 499.
LaTeX Info: Redefining \cdots on input line 620.
\Mathstrutbox@=\box53
\strutbox@=\box54
\big@size=\dimen184
LaTeX Font Info:    Redeclaring font encoding OML on input line 743.
LaTeX Font Info:    Redeclaring font encoding OMS on input line 744.
\macc@depth=\count281
\c@MaxMatrixCols=\count282
\dotsspace@=\muskip16
\c@parentequation=\count283
\dspbrk@lvl=\count284
\tag@help=\toks25
\row@=\count285
\column@=\count286
\maxfields@=\count287
\andhelp@=\toks26
\eqnshift@=\dimen185
\alignsep@=\dimen186
\tagshift@=\dimen187
\tagwidth@=\dimen188
\totwidth@=\dimen189
\lineht@=\dimen190
\@envbody=\toks27
\multlinegap=\skip52
\multlinetaggap=\skip53
\mathdisplay@stack=\toks28
LaTeX Info: Redefining \[ on input line 2923.
LaTeX Info: Redefining \] on input line 2924.
) (C:\Users\Diego\AppData\Local\Programs\MiKTeX\tex/latex/appendix\appendix.sty
Package: appendix 2020/02/08 v1.2c extra appendix facilities
\c@@pps=\count288
\c@@ppsavesec=\count289
\c@@ppsaveapp=\count290
) (C:\Users\Diego\AppData\Local\Programs\MiKTeX\tex/latex/l3backend\l3backend-pdftex.def
File: l3backend-pdftex.def 2021-02-18 L3 backend support: PDF output (pdfTeX)
\l__color_backend_stack_int=\count291
\l__pdf_internal_box=\box55
) (c:/Users\Diego\Desktop\uni\3° ANNO_secondo semestre\LAB DI INTERNET\Materiale lab\Lab5\ULTIMO LAB\lab2.aux)
\openout1 = `lab2.aux'.

LaTeX Font Info:    Checking defaults for OML/cmm/m/it on input line 32.
LaTeX Font Info:    ... okay on input line 32.
LaTeX Font Info:    Checking defaults for OMS/cmsy/m/n on input line 32.
LaTeX Font Info:    ... okay on input line 32.
LaTeX Font Info:    Checking defaults for OT1/cmr/m/n on input line 32.
LaTeX Font Info:    ... okay on input line 32.
LaTeX Font Info:    Checking defaults for T1/cmr/m/n on input line 32.
LaTeX Font Info:    ... okay on input line 32.
LaTeX Font Info:    Checking defaults for TS1/cmr/m/n on input line 32.
LaTeX Font Info:    ... okay on input line 32.
LaTeX Font Info:    Checking defaults for OMX/cmex/m/n on input line 32.
LaTeX Font Info:    ... okay on input line 32.
LaTeX Font Info:    Checking defaults for U/cmr/m/n on input line 32.
LaTeX Font Info:    ... okay on input line 32.
\c@lstlisting=\count292
 (C:\Users\Diego\AppData\Local\Programs\MiKTeX\tex/context/base/mkii\supp-pdf.mkii
[Loading MPS to PDF converter (version 2006.09.02).]
\scratchcounter=\count293
\scratchdimen=\dimen191
\scratchbox=\box56
\nofMPsegments=\count294
\nofMParguments=\count295
\everyMPshowfont=\toks29
\MPscratchCnt=\count296
\MPscratchDim=\dimen192
\MPnumerator=\count297
\makeMPintoPDFobject=\count298
\everyMPtoPDFconversion=\toks30
) (C:\Users\Diego\AppData\Local\Programs\MiKTeX\tex/latex/epstopdf-pkg\epstopdf-base.sty
Package: epstopdf-base 2020-01-24 v2.11 Base part for package epstopdf
 (C:\Users\Diego\AppData\Local\Programs\MiKTeX\tex/generic/infwarerr\infwarerr.sty
Package: infwarerr 2019/12/03 v1.5 Providing info/warning/error messages (HO)
) (C:\Users\Diego\AppData\Local\Programs\MiKTeX\tex/latex/grfext\grfext.sty
Package: grfext 2019/12/03 v1.3 Manage graphics extensions (HO)
 (C:\Users\Diego\AppData\Local\Programs\MiKTeX\tex/generic/kvdefinekeys\kvdefinekeys.sty
Package: kvdefinekeys 2019-12-19 v1.6 Define keys (HO)
)) (C:\Users\Diego\AppData\Local\Programs\MiKTeX\tex/latex/kvoptions\kvoptions.sty
Package: kvoptions 2020-10-07 v3.14 Key value format for package options (HO)
 (C:\Users\Diego\AppData\Local\Programs\MiKTeX\tex/generic/ltxcmds\ltxcmds.sty
Package: ltxcmds 2020-05-10 v1.25 LaTeX kernel commands for general use (HO)
) (C:\Users\Diego\AppData\Local\Programs\MiKTeX\tex/generic/kvsetkeys\kvsetkeys.sty
Package: kvsetkeys 2019/12/15 v1.18 Key value parser (HO)
)) (C:\Users\Diego\AppData\Local\Programs\MiKTeX\tex/generic/pdftexcmds\pdftexcmds.sty
Package: pdftexcmds 2020-06-27 v0.33 Utility functions of pdfTeX for LuaTeX (HO)
Package pdftexcmds Info: \pdf@primitive is available.
Package pdftexcmds Info: \pdf@ifprimitive is available.
Package pdftexcmds Info: \pdfdraftmode found.
)
Package epstopdf-base Info: Redefining graphics rule for `.eps' on input line 485.
Package grfext Info: Graphics extension search list:
(grfext)             [.pdf,.png,.jpg,.mps,.jpeg,.jbig2,.jb2,.PDF,.PNG,.JPG,.JPEG,.JBIG2,.JB2,.eps]
(grfext)             \AppendGraphicsExtensions on input line 504.
)
*geometry* driver: auto-detecting
*geometry* detected driver: pdftex
*geometry* verbose mode - [ preamble ] result:
* driver: pdftex
* paper: a4paper
* layout: <same size as paper>
* layoutoffset:(h,v)=(0.0pt,0.0pt)
* bindingoffset: 14.22636pt
* modes: heightrounded 
* h-part:(L,W,R)=(56.9055pt, 469.4705pt, 56.9055pt)
* v-part:(T,H,B)=(56.9055pt, 731.23584pt, 56.9055pt)
* \paperwidth=597.50787pt
* \paperheight=845.04684pt
* \textwidth=469.4705pt
* \textheight=730.0pt
* \oddsidemargin=-1.13812pt
* \evensidemargin=-15.36449pt
* \topmargin=-52.36449pt
* \headheight=12.0pt
* \headsep=25.0pt
* \topskip=10.0pt
* \footskip=30.0pt
* \marginparwidth=65.0pt
* \marginparsep=11.0pt
* \columnsep=10.0pt
* \skip\footins=9.0pt plus 4.0pt minus 2.0pt
* \hoffset=0.0pt
* \voffset=0.0pt
* \mag=1000
* \@twocolumnfalse
* \@twosidefalse
* \@mparswitchfalse
* \@reversemarginfalse
* (1in=72.27pt=25.4mm, 1cm=28.453pt)

LaTeX Info: Redefining \it@ocap on input line 32.
LaTeX Info: Redefining \it@ccap on input line 32.

File italian.ldf warning: 
italian.ldf    With OT1 encoding guillemets are poorly faked
italian.ldf    Use T1 encoding
italian.ldf    or specify a font with command \CaporaliFrom
italian.ldf    See the documentation concerning the babel-italian typesetting 
italian.ldf    on input line 32.

Package caption Info: Begin \AtBeginDocument code.
Package caption Info: End \AtBeginDocument code.
<./images//polito_logo_2021_blu.jpg, id=1, 3522.15875pt x 2491.3075pt>
File: ./images//polito_logo_2021_blu.jpg Graphic file (type jpg)
<use ./images//polito_logo_2021_blu.jpg>
Package pdftex.def Info: ./images//polito_logo_2021_blu.jpg  used on input line 36.
(pdftex.def)             Requested size: 352.23651pt x 249.14534pt.
[1

{C:/Users/Diego/AppData/Local/MiKTeX/pdftex/config/pdftex.map} <./images//polito_logo_2021_blu.jpg>]
<./images//signal.jpg, id=9, 677.53125pt x 451.6875pt>
File: ./images//signal.jpg Graphic file (type jpg)
<use ./images//signal.jpg>
Package pdftex.def Info: ./images//signal.jpg  used on input line 58.
(pdftex.def)             Requested size: 225.34383pt x 150.229pt.

Underfull \hbox (badness 10000) in paragraph at lines 65--84

 []

<./images//interfaccia.png, id=10, 498.06075pt x 389.65575pt>
File: ./images//interfaccia.png Graphic file (type png)
<use ./images//interfaccia.png>
Package pdftex.def Info: ./images//interfaccia.png  used on input line 98.
(pdftex.def)             Requested size: 323.73564pt x 253.27322pt.
[2 <./images//signal.jpg> <./images//interfaccia.png>]
<./images//testbed.png, id=20, 1729.46124pt x 787.94376pt>
File: ./images//testbed.png Graphic file (type png)
<use ./images//testbed.png>
Package pdftex.def Info: ./images//testbed.png  used on input line 105.
(pdftex.def)             Requested size: 345.88612pt x 157.58595pt.
<./images//serverChanges.png, id=21, 1907.62688pt x 388.45125pt>
File: ./images//serverChanges.png Graphic file (type png)
<use ./images//serverChanges.png>
Package pdftex.def Info: ./images//serverChanges.png  used on input line 136.
(pdftex.def)             Requested size: 469.4705pt x 95.59518pt.
<./images//flusso1.png, id=22, 352.31625pt x 559.08875pt>
File: ./images//flusso1.png Graphic file (type png)
<use ./images//flusso1.png>
Package pdftex.def Info: ./images//flusso1.png  used on input line 152.
(pdftex.def)             Requested size: 126.75745pt x 201.14383pt.
<./images//flusso2.png, id=23, 357.335pt x 574.145pt>
File: ./images//flusso2.png Graphic file (type png)
<use ./images//flusso2.png>
Package pdftex.def Info: ./images//flusso2.png  used on input line 158.
(pdftex.def)             Requested size: 126.75745pt x 203.66959pt.
<./images//flusso3.png, id=24, 351.3125pt x 566.115pt>
File: ./images//flusso3.png Graphic file (type png)
<use ./images//flusso3.png>
Package pdftex.def Info: ./images//flusso3.png  used on input line 164.
(pdftex.def)             Requested size: 126.75745pt x 204.25906pt.
 [3 <./images//testbed.png> <./images//serverChanges.png (PNG copy)>] [4 <./images//flusso1.png> <./images//flusso2.png> <./images//flusso3.png>]
<./images//framm.png, id=38, 845.1575pt x 444.66125pt>
File: ./images//framm.png Graphic file (type png)
<use ./images//framm.png>
Package pdftex.def Info: ./images//framm.png  used on input line 217.
(pdftex.def)             Requested size: 272.29375pt x 143.26476pt.

Underfull \hbox (badness 1173) in paragraph at lines 224--234
\OT1/cmr/m/n/10 fi-co ge-ne-ra-to dal-l'ap-pli-ca-zio-ne quan-do
 []


Underfull \hbox (badness 10000) in paragraph at lines 224--234

 []

<./images//mittDest.png, id=39, 3172.85374pt x 1362.08875pt>
File: ./images//mittDest.png Graphic file (type png)
<use ./images//mittDest.png>
Package pdftex.def Info: ./images//mittDest.png  used on input line 259.
(pdftex.def)             Requested size: 375.57784pt x 161.21973pt.
[5 <./images//framm.png> <./images//mittDest.png>]
<./images//5gruppi.png, id=45, 2393.94376pt x 821.0675pt>
File: ./images//5gruppi.png Graphic file (type png)
<use ./images//5gruppi.png>
Package pdftex.def Info: ./images//5gruppi.png  used on input line 288.
(pdftex.def)             Requested size: 469.4705pt x 161.01582pt.
<./images//PacchettiMandVsRic.png, id=46, 1907.62688pt x 368.1253pt>
File: ./images//PacchettiMandVsRic.png Graphic file (type png)
<use ./images//PacchettiMandVsRic.png>
Package pdftex.def Info: ./images//PacchettiMandVsRic.png  used on input line 297.
(pdftex.def)             Requested size: 469.4705pt x 90.59311pt.
 [6 <./images//5gruppi.png> <./images//PacchettiMandVsRic.png (PNG copy)>]
<./images//filestevens.png, id=51, 930.47626pt x 636.12656pt>
File: ./images//filestevens.png Graphic file (type png)
<use ./images//filestevens.png>
Package pdftex.def Info: ./images//filestevens.png  used on input line 324.
(pdftex.def)             Requested size: 225.34383pt x 154.0518pt.
<./images//filethr.png, id=52, 930.47626pt x 636.12656pt>
File: ./images//filethr.png Graphic file (type png)
<use ./images//filethr.png>
Package pdftex.def Info: ./images//filethr.png  used on input line 330.
(pdftex.def)             Requested size: 225.34383pt x 154.0518pt.

Underfull \hbox (badness 10000) in paragraph at lines 315--335

 []


Underfull \hbox (badness 10000) in paragraph at lines 336--341

 []


Underfull \hbox (badness 10000) in paragraph at lines 336--341

 []

<./images//testbed2.png, id=53, 2086.79625pt x 676.5275pt>
File: ./images//testbed2.png Graphic file (type png)
<use ./images//testbed2.png>
Package pdftex.def Info: ./images//testbed2.png  used on input line 351.
(pdftex.def)             Requested size: 469.4705pt x 152.19147pt.
[7 <./images//filestevens.png (PNG copy)> <./images//filethr.png (PNG copy)> <./images//testbed2.png>]
<./images//chiamatacnn1.png, id=59, 1198.4775pt x 385.44pt>
File: ./images//chiamatacnn1.png Graphic file (type png)
<use ./images//chiamatacnn1.png>
Package pdftex.def Info: ./images//chiamatacnn1.png  used on input line 361.
(pdftex.def)             Requested size: 225.34383pt x 72.46979pt.
<./images//chiamatacnn2.png, id=60, 1224.575pt x 397.485pt>
File: ./images//chiamatacnn2.png Graphic file (type png)
<use ./images//chiamatacnn2.png>
Package pdftex.def Info: ./images//chiamatacnn2.png  used on input line 367.
(pdftex.def)             Requested size: 225.34383pt x 73.13933pt.

Underfull \hbox (badness 10000) in paragraph at lines 374--393

 []

<./images//chiamata.png, id=61, 2784.4025pt x 730.73pt>
File: ./images//chiamata.png Graphic file (type png)
<use ./images//chiamata.png>
Package pdftex.def Info: ./images//chiamata.png  used on input line 397.
(pdftex.def)             Requested size: 469.4705pt x 123.19664pt.
<./images//francoforte.png, id=62, 943.525pt x 216.81pt>
File: ./images//francoforte.png Graphic file (type png)
<use ./images//francoforte.png>
Package pdftex.def Info: ./images//francoforte.png  used on input line 422.
(pdftex.def)             Requested size: 375.57784pt x 86.3023pt.
[8 <./images//chiamatacnn1.png> <./images//chiamatacnn2.png> <./images//chiamata.png>] [9 <./images//francoforte.png>] [10] (c:/Users\Diego\Desktop\uni\3° ANNO_secondo semestre\LAB DI INTERNET\Materiale lab\Lab5\ULTIMO LAB\lab2.aux) ) 
Here is how much of TeX's memory you used:
 8259 strings out of 479334
 130331 string characters out of 2857084
 458925 words of memory out of 3000000
 25572 multiletter control sequences out of 15000+200000
 409961 words of font info for 50 fonts, out of 3000000 for 9000
 1142 hyphenation exceptions out of 8191
 72i,8n,117p,451b,410s stack positions out of 5000i,500n,10000p,200000b,50000s
 <C:\Users\Diego\AppData\Local\MiKTeX\fonts/pk/ljfour/jknappen/ec/dpi600\tcrm1000.pk><C:/Users/Diego/AppData/Local/Programs/MiKTeX/fonts/type1/public/amsfonts/cm/cmbx10.pfb><C:/Users/Diego/AppData/Local/Programs/MiKTeX/fonts/type1/public/amsfonts/cm/cmbx12.pfb><C:/Users/Diego/AppData/Local/Programs/MiKTeX/fonts/type1/public/amsfonts/cm/cmr10.pfb><C:/Users/Diego/AppData/Local/Programs/MiKTeX/fonts/type1/public/amsfonts/cm/cmr12.pfb><C:/Users/Diego/AppData/Local/Programs/MiKTeX/fonts/type1/public/amsfonts/cm/cmr17.pfb><C:/Users/Diego/AppData/Local/Programs/MiKTeX/fonts/type1/public/amsfonts/cm/cmr6.pfb><C:/Users/Diego/AppData/Local/Programs/MiKTeX/fonts/type1/public/amsfonts/cm/cmr7.pfb><C:/Users/Diego/AppData/Local/Programs/MiKTeX/fonts/type1/public/amsfonts/cm/cmr8.pfb><C:/Users/Diego/AppData/Local/Programs/MiKTeX/fonts/type1/public/amsfonts/cm/cmsy10.pfb><C:/Users/Diego/AppData/Local/Programs/MiKTeX/fonts/type1/public/amsfonts/cm/cmti10.pfb><C:/Users/Diego/AppData/Local/Programs/MiKTeX/fonts/type1/public/amsfonts/cm/cmtt10.pfb>
Output written on "c:/Users\Diego\Desktop\uni\3° ANNO_secondo semestre\LAB DI INTERNET\Materiale lab\Lab5\ULTIMO LAB\lab2.pdf" (10 pages, 4640745 bytes).
PDF statistics:
 117 PDF objects out of 1000 (max. 8388607)
 0 named destinations out of 1000 (max. 500000)
 96 words of extra memory for PDF output out of 10000 (max. 10000000)

